# JRE version: Java(TM) SE Runtime Environment (8.0_65-b17) (build 1.8.0_65-b17)
# Java VM: Java HotSpot(TM) 64-Bit Server VM (25.65-b01 mixed mode bsd-amd64 compressed oops)
Heap:
 PSYoungGen      total 138240K, used 51855K [0x0000000795580000, 0x000000079f100000, 0x00000007c0000000)
  eden space 127488K, 38% used [0x0000000795580000,0x000000079857d728,0x000000079d200000)
  from space 10752K, 25% used [0x000000079e680000,0x000000079e926638,0x000000079f100000)
  to   space 15872K, 0% used [0x000000079d200000,0x000000079d200000,0x000000079e180000)
 ParOldGen       total 65024K, used 18861K [0x0000000740000000, 0x0000000743f80000, 0x0000000795580000)
  object space 65024K, 29% used [0x0000000740000000,0x000000074126b770,0x0000000743f80000)
 Metaspace       used 27814K, capacity 29144K, committed 29312K, reserved 1075200K
  class space    used 3889K, capacity 4165K, committed 4224K, reserved 1048576K
GC Heap History (10 events):
Event: 17.042 GC heap before
{Heap before GC invocations=3 (full 0):
 PSYoungGen      total 38400K, used 38386K [0x0000000795580000, 0x0000000798000000, 0x00000007c0000000)
  eden space 33280K, 100% used [0x0000000795580000,0x0000000797600000,0x0000000797600000)
  from space 5120K, 99% used [0x0000000797b00000,0x0000000797ffc9e8,0x0000000798000000)
  to   space 5120K, 0% used [0x0000000797600000,0x0000000797600000,0x0000000797b00000)
 ParOldGen       total 87552K, used 8832K [0x0000000740000000, 0x0000000745580000, 0x0000000795580000)
  object space 87552K, 10% used [0x0000000740000000,0x00000007408a00b0,0x0000000745580000)
 Metaspace       used 20386K, capacity 21142K, committed 21248K, reserved 1067008K
  class space    used 2834K, capacity 3046K, committed 3072K, reserved 1048576K
Event: 17.062 GC heap after
Heap after GC invocations=3 (full 0):
 PSYoungGen      total 38400K, used 5106K [0x0000000795580000, 0x000000079a080000, 0x00000007c0000000)
  eden space 33280K, 0% used [0x0000000795580000,0x0000000795580000,0x0000000797600000)
  from space 5120K, 99% used [0x0000000797600000,0x0000000797afca18,0x0000000797b00000)
  to   space 5120K, 0% used [0x0000000799b80000,0x0000000799b80000,0x000000079a080000)
 ParOldGen       total 87552K, used 15717K [0x0000000740000000, 0x0000000745580000, 0x0000000795580000)
  object space 87552K, 17% used [0x0000000740000000,0x0000000740f594b0,0x0000000745580000)
 Metaspace       used 20386K, capacity 21142K, committed 21248K, reserved 1067008K
  class space    used 2834K, capacity 3046K, committed 3072K, reserved 1048576K
}
Event: 17.149 GC heap before
{Heap before GC invocations=4 (full 0):
 PSYoungGen      total 38400K, used 38386K [0x0000000795580000, 0x000000079a080000, 0x00000007c0000000)
  eden space 33280K, 100% used [0x0000000795580000,0x0000000797600000,0x0000000797600000)
  from space 5120K, 99% used [0x0000000797600000,0x0000000797afca18,0x0000000797b00000)
  to   space 5120K, 0% used [0x0000000799b80000,0x0000000799b80000,0x000000079a080000)
 ParOldGen       total 87552K, used 15717K [0x0000000740000000, 0x0000000745580000, 0x0000000795580000)
  object space 87552K, 17% used [0x0000000740000000,0x0000000740f594b0,0x0000000745580000)
 Metaspace       used 20386K, capacity 21142K, committed 21248K, reserved 1067008K
  class space    used 2834K, capacity 3046K, committed 3072K, reserved 1048576K
Event: 17.168 GC heap after
Heap after GC invocations=4 (full 0):
 PSYoungGen      total 71680K, used 5106K [0x0000000795580000, 0x000000079a080000, 0x00000007c0000000)
  eden space 66560K, 0% used [0x0000000795580000,0x0000000795580000,0x0000000799680000)
  from space 5120K, 99% used [0x0000000799b80000,0x000000079a07ca08,0x000000079a080000)
  to   space 5120K, 0% used [0x0000000799680000,0x0000000799680000,0x0000000799b80000)
 ParOldGen       total 87552K, used 19937K [0x0000000740000000, 0x0000000745580000, 0x0000000795580000)
  object space 87552K, 22% used [0x0000000740000000,0x00000007413784d0,0x0000000745580000)
 Metaspace       used 20386K, capacity 21142K, committed 21248K, reserved 1067008K
  class space    used 2834K, capacity 3046K, committed 3072K, reserved 1048576K
}
Event: 17.389 GC heap before
{Heap before GC invocations=5 (full 0):
 PSYoungGen      total 71680K, used 42709K [0x0000000795580000, 0x000000079a080000, 0x00000007c0000000)
  eden space 66560K, 56% used [0x0000000795580000,0x0000000797a38b30,0x0000000799680000)
  from space 5120K, 99% used [0x0000000799b80000,0x000000079a07ca08,0x000000079a080000)
  to   space 5120K, 0% used [0x0000000799680000,0x0000000799680000,0x0000000799b80000)
 ParOldGen       total 87552K, used 19937K [0x0000000740000000, 0x0000000745580000, 0x0000000795580000)
  object space 87552K, 22% used [0x0000000740000000,0x00000007413784d0,0x0000000745580000)
 Metaspace       used 20496K, capacity 21206K, committed 21248K, reserved 1067008K
  class space    used 2839K, capacity 3046K, committed 3072K, reserved 1048576K
Event: 17.406 GC heap after
Heap after GC invocations=5 (full 0):
 PSYoungGen      total 71680K, used 5095K [0x0000000795580000, 0x000000079f580000, 0x00000007c0000000)
  eden space 66560K, 0% used [0x0000000795580000,0x0000000795580000,0x0000000799680000)
  from space 5120K, 99% used [0x0000000799680000,0x0000000799b79ea0,0x0000000799b80000)
  to   space 15360K, 0% used [0x000000079e680000,0x000000079e680000,0x000000079f580000)
 ParOldGen       total 87552K, used 21971K [0x0000000740000000, 0x0000000745580000, 0x0000000795580000)
  object space 87552K, 25% used [0x0000000740000000,0x0000000741574e98,0x0000000745580000)
 Metaspace       used 20496K, capacity 21206K, committed 21248K, reserved 1067008K
  class space    used 2839K, capacity 3046K, committed 3072K, reserved 1048576K
}
Event: 17.406 GC heap before
{Heap before GC invocations=6 (full 1):
 PSYoungGen      total 71680K, used 5095K [0x0000000795580000, 0x000000079f580000, 0x00000007c0000000)
  eden space 66560K, 0% used [0x0000000795580000,0x0000000795580000,0x0000000799680000)
  from space 5120K, 99% used [0x0000000799680000,0x0000000799b79ea0,0x0000000799b80000)
  to   space 15360K, 0% used [0x000000079e680000,0x000000079e680000,0x000000079f580000)
 ParOldGen       total 87552K, used 21971K [0x0000000740000000, 0x0000000745580000, 0x0000000795580000)
  object space 87552K, 25% used [0x0000000740000000,0x0000000741574e98,0x0000000745580000)
 Metaspace       used 20496K, capacity 21206K, committed 21248K, reserved 1067008K
  class space    used 2839K, capacity 3046K, committed 3072K, reserved 1048576K
Event: 17.495 GC heap after
Heap after GC invocations=6 (full 1):
 PSYoungGen      total 71680K, used 0K [0x0000000795580000, 0x000000079f580000, 0x00000007c0000000)
  eden space 66560K, 0% used [0x0000000795580000,0x0000000795580000,0x0000000799680000)
  from space 5120K, 0% used [0x0000000799680000,0x0000000799680000,0x0000000799b80000)
  to   space 15360K, 0% used [0x000000079e680000,0x000000079e680000,0x000000079f580000)
 ParOldGen       total 65024K, used 18853K [0x0000000740000000, 0x0000000743f80000, 0x0000000795580000)
  object space 65024K, 28% used [0x0000000740000000,0x0000000741269770,0x0000000743f80000)
 Metaspace       used 20496K, capacity 21206K, committed 21248K, reserved 1067008K
  class space    used 2839K, capacity 3046K, committed 3072K, reserved 1048576K
}
Event: 17.963 GC heap before
{Heap before GC invocations=7 (full 1):
 PSYoungGen      total 71680K, used 66560K [0x0000000795580000, 0x000000079f580000, 0x00000007c0000000)
  eden space 66560K, 100% used [0x0000000795580000,0x0000000799680000,0x0000000799680000)
  from space 5120K, 0% used [0x0000000799680000,0x0000000799680000,0x0000000799b80000)
  to   space 15360K, 0% used [0x000000079e680000,0x000000079e680000,0x000000079f580000)
 ParOldGen       total 65024K, used 18853K [0x0000000740000000, 0x0000000743f80000, 0x0000000795580000)
  object space 65024K, 28% used [0x0000000740000000,0x0000000741269770,0x0000000743f80000)
 Metaspace       used 21969K, capacity 23114K, committed 23168K, reserved 1069056K
  class space    used 3170K, capacity 3440K, committed 3456K, reserved 1048576K
Event: 17.967 GC heap after
Heap after GC invocations=7 (full 1):
 PSYoungGen      total 138240K, used 2713K [0x0000000795580000, 0x000000079f100000, 0x00000007c0000000)
  eden space 127488K, 0% used [0x0000000795580000,0x0000000795580000,0x000000079d200000)
  from space 10752K, 25% used [0x000000079e680000,0x000000079e926638,0x000000079f100000)
  to   space 15872K, 0% used [0x000000079d200000,0x000000079d200000,0x000000079e180000)
 ParOldGen       total 65024K, used 18861K [0x0000000740000000, 0x0000000743f80000, 0x0000000795580000)
  object space 65024K, 29% used [0x0000000740000000,0x000000074126b770,0x0000000743f80000)
 Metaspace       used 21969K, capacity 23114K, committed 23168K, reserved 1069056K
  class space    used 3170K, capacity 3440K, committed 3456K, reserved 1048576K
}

